<?xml version="1.0" ?><testsuite name="ru.vova.lab3.AreaCheckTest" time="0.043" timestamp="2025-04-21T08:51:32" tests="1" failures="0" skipped="0" aborted="0"><properties><property name="ant.file.type.web3" value="file"></property><property name="sun.boot.library.path.ivy.instance" value="/usr/lib/jvm/java-17-openjdk-amd64/lib"></property><property name="java.specification.version" value="17"></property><property name="java.specification.version.ivy.instance" value="17"></property><property name="sun.cpu.endian.ivy.instance" value="little"></property><property name="sun.arch.data.model" value="64"></property><property name="ivy.home" value="/home/timur1516/.ivy2"></property><property name="java.vendor.url" value="https://ubuntu.com/"></property><property name="java.version.ivy.instance" value="17.0.14"></property><property name="resources.dir" value="src/main/resources"></property><property name="alt-classes" value="ant/build/alt-classes"></property><property name="ivy.default.conf.dir.ivy.instance" value="jar:file:/usr/share/ant/lib/ivy.jar!/org/apache/ivy/core/settings"></property><property name="ivy.conf.dir" value="jar:file:/usr/share/ant/lib/ivy.jar!/org/apache/ivy/core/settings"></property><property name="sun.boot.library.path" value="/usr/lib/jvm/java-17-openjdk-amd64/lib"></property><property name="sun.java.command" value="org.apache.tools.ant.launch.Launcher -cp  test"></property><property name="os.version.ivy.instance" value="6.8.0-58-generic"></property><property name="ivy.retrieve.pattern.ivy.instance" value="/home/timur1516/documents/dev/opi/lab3/ant/lib/[artifact]-[revision](-[classifier]).[ext]"></property><property name="user.dir.ivy.instance" value="/home/timur1516/documents/dev/opi/lab3/ant"></property><property name="sun.jnu.encoding.ivy.instance" value="UTF-8"></property><property name="jdk.debug" value="release"></property><property name="ivy.revision" value="working@timur1516-LIN"></property><property name="web.dir" value="src/main/webapp"></property><property name="java.specification.vendor" value="Oracle Corporation"></property><property name="file.separator.ivy.instance" value="/"></property><property name="java.vm.version.ivy.instance" value="17.0.14+7-Ubuntu-124.04"></property><property name="java.version.date" value="2025-01-21"></property><property name="java.home" value="/usr/lib/jvm/java-17-openjdk-amd64"></property><property name="basedir" value="/home/timur1516/documents/dev/opi/lab3/ant"></property><property name="java.specification.name" value="Java Platform API Specification"></property><property name="java.vm.specification.vendor" value="Oracle Corporation"></property><property name="doc.dir" value="ant/build/doc"></property><property name="user.timezone.ivy.instance" value="Europe/Moscow"></property><property name="ivy.basedir.ivy.instance" value="/home/timur1516/documents/dev/opi/lab3/ant"></property><property name="ivy.resolve.default.type.filter.ivy.instance" value="*"></property><property name="ivy.default.ivy.user.dir" value="/home/timur1516/.ivy2"></property><property name="ivy.lib.dir.ivy.instance" value="/home/timur1516/documents/dev/opi/lab3/ant/lib"></property><property name="sun.management.compiler" value="HotSpot 64-Bit Tiered Compilers"></property><property name="ivy.cache.dir" value="/home/timur1516/.ivy2/cache"></property><property name="java.runtime.version" value="17.0.14+7-Ubuntu-124.04"></property><property name="java.runtime.name.ivy.instance" value="OpenJDK Runtime Environment"></property><property name="sun.io.unicode.encoding.ivy.instance" value="UnicodeLittle"></property><property name="basedir.ivy.instance" value="/home/timur1516/documents/dev/opi/lab3/ant"></property><property name="file.encoding" value="UTF-8"></property><property name="ivy.dep.file" value="ivy.xml"></property><property name="os.name.ivy.instance" value="Linux"></property><property name="user.language.ivy.instance" value="ru"></property><property name="ivy.settings.file" value="ivysettings.xml"></property><property name="java.vm.specification.version.ivy.instance" value="17"></property><property name="ivy.local.default.ivy.pattern" value="[organisation]/[module]/[revision]/[type]s/[artifact].[ext]"></property><property name="java.vendor.url.ivy.instance" value="https://ubuntu.com/"></property><property name="line.separator.ivy.instance" value="
"></property><property name="java.io.tmpdir" value="/tmp"></property><property name="java.version" value="17.0.14"></property><property name="ivy.resolved.file" value="/home/timur1516/documents/dev/opi/lab3/ant/ivy.xml"></property><property name="java.vm.specification.name.ivy.instance" value="Java Virtual Machine Specification"></property><property name="ivy.settings.dir.ivy.instance" value="jar:file:/usr/share/ant/lib/ivy.jar!/org/apache/ivy/core/settings"></property><property name="java.vm.specification.name" value="Java Virtual Machine Specification"></property><property name="file.encoding.ivy.instance" value="UTF-8"></property><property name="ivy.deliver.ivy.pattern" value="/home/timur1516/documents/dev/opi/lab3/ant/distrib/[type]s/[artifact]-[revision](-[classifier]).[ext]"></property><property name="native.encoding" value="UTF-8"></property><property name="ivy.status" value="integration"></property><property name="java.library.path" value="/usr/java/packages/lib:/usr/lib/x86_64-linux-gnu/jni:/lib/x86_64-linux-gnu:/usr/lib/x86_64-linux-gnu:/usr/lib/jni:/lib:/usr/lib"></property><property name="java.vendor" value="Ubuntu"></property><property name="java.specification.maintenance.version" value="1"></property><property name="env.jvm.args" value="-Xmx512m -ea"></property><property name="sun.arch.data.model.ivy.instance" value="64"></property><property name="sun.io.unicode.encoding" value="UnicodeLittle"></property><property name="ivy.default.ivy.user.dir.ivy.instance" value="/home/timur1516/.ivy2"></property><property name="ant.file.type" value="file"></property><property name="scp.port" value="2222"></property><property name="ivy.parents.count" value="0"></property><property name="ivy.configurations.ivy.instance" value="*"></property><property name="java.io.tmpdir.ivy.instance" value="/tmp"></property><property name="java.version.date.ivy.instance" value="2025-01-21"></property><property name="ivy.default.settings.dir.ivy.instance" value="jar:file:/usr/share/ant/lib/ivy.jar!/org/apache/ivy/core/settings"></property><property name="ivy.shared.default.ivy.pattern" value="[organisation]/[module]/[revision]/[type]s/[artifact].[ext]"></property><property name="ivy.shared.default.root" value="/home/timur1516/.ivy2/shared"></property><property name="ivy.shared.default.ivy.pattern.ivy.instance" value="[organisation]/[module]/[revision]/[type]s/[artifact].[ext]"></property><property name="user.timezone" value="Europe/Moscow"></property><property name="java.vm.specification.version" value="17"></property><property name="os.name" value="Linux"></property><property name="ivy.deps.changed" value="false"></property><property name="scp.password" value="yWJm&amp;6557"></property><property name="ivy.lib.dir" value="/home/timur1516/documents/dev/opi/lab3/ant/lib"></property><property name="test.dir" value="src/test"></property><property name="user.home" value="/home/timur1516"></property><property name="replace.regex.name" value="x-oc"></property><property name="sun.java.command.ivy.instance" value="org.apache.tools.ant.launch.Launcher -cp  test"></property><property name="java.class.path.ivy.instance" value="/usr/share/ant/lib/ant-launcher.jar:/usr/share/ant/lib/ant-junit.jar:/usr/share/ant/lib/ant-commons-logging.jar:/usr/share/ant/lib/ant-jmf.jar:/usr/share/ant/lib/ant-junit4.jar:/usr/share/ant/lib/ant-jdepend.jar:/usr/share/ant/lib/ant-antlr.jar:/usr/share/ant/lib/ant-jsch.jar:/usr/share/ant/lib/ant-commons-net.jar:/usr/share/ant/lib/ant-launcher.jar:/usr/share/ant/lib/ant-testutil.jar:/usr/share/ant/lib/ant-swing.jar:/usr/share/ant/lib/ant-javamail.jar:/usr/share/ant/lib/ant-apache-bcel.jar:/usr/share/ant/lib/ant-apache-bsf.jar:/usr/share/ant/lib/ant-xz.jar:/usr/share/ant/lib/ivy.jar:/usr/share/ant/lib/ant-junitlauncher.jar:/usr/share/ant/lib/jsch-0.1.55.jar:/usr/share/ant/lib/ant-apache-resolver.jar:/usr/share/ant/lib/ant-apache-regexp.jar:/usr/share/ant/lib/ant.jar:/usr/share/ant/lib/ant-apache-oro.jar:/usr/share/ant/lib/ant-apache-xalan2.jar:/usr/share/ant/lib/ant-apache-log4j.jar"></property><property name="ivy.publish.src.artifacts.pattern.ivy.instance" value="/home/timur1516/documents/dev/opi/lab3/ant/distrib/[type]s/[artifact]-[revision](-[classifier]).[ext]"></property><property name="ivy.checksums" value="sha1,md5"></property><property name="ivy.default.settings.dir" value="jar:file:/usr/share/ant/lib/ivy.jar!/org/apache/ivy/core/settings"></property><property name="libs" value="ant/build/libs"></property><property name="ivy.version" value="2.5.1"></property><property name="java.vm.info.ivy.instance" value="mixed mode, sharing"></property><property name="ivy.distrib.dir" value="/home/timur1516/documents/dev/opi/lab3/ant/distrib"></property><property name="ant.library.dir.ivy.instance" value="/usr/share/ant/lib"></property><property name="ivy.settings.url.ivy.instance" value="jar:file:/usr/share/ant/lib/ivy.jar!/org/apache/ivy/core/settings/ivysettings.xml"></property><property name="classes" value="ant/build/classes"></property><property name="alt.dir" value="ant/alt"></property><property name="ivy.project.dir" value="/home/timur1516/documents/dev/opi/lab3/ant"></property><property name="ant.file" value="/home/timur1516/documents/dev/opi/lab3/ant/build.xml"></property><property name="path.separator" value=":"></property><property name="os.version" value="6.8.0-58-generic"></property><property name="ivy.default.always.check.exact.revision.ivy.instance" value="false"></property><property name="java.vm.name" value="OpenJDK 64-Bit Server VM"></property><property name="ivy.buildlist.ivyfilepath" value="ivy.xml"></property><property name="os.arch" value="amd64"></property><property name="ivy.settings.dir.url.ivy.instance" value="jar:file:/usr/share/ant/lib/ivy.jar!/org/apache/ivy/core/settings"></property><property name="ant.file.web3" value="/home/timur1516/documents/dev/opi/lab3/ant/build.xml"></property><property name="ivy.shared.default.root.ivy.instance" value="/home/timur1516/.ivy2/shared"></property><property name="ivy.deliver.ivy.pattern.ivy.instance" value="/home/timur1516/documents/dev/opi/lab3/ant/distrib/[type]s/[artifact]-[revision](-[classifier]).[ext]"></property><property name="java.vm.info" value="mixed mode, sharing"></property><property name="ivy.conf.dir.ivy.instance" value="jar:file:/usr/share/ant/lib/ivy.jar!/org/apache/ivy/core/settings"></property><property name="user.country.ivy.instance" value="RU"></property><property name="java.class.version" value="61.0"></property><property name="src.dir" value="src"></property><property name="ant.project.default-target" value="build"></property><property name="ant.library.dir" value="/usr/share/ant/lib"></property><property name="ivy.cache.dir.ivy.instance" value="/home/timur1516/.ivy2/cache"></property><property name="ant.project.name" value="web3"></property><property name="jdk.debug.ivy.instance" value="release"></property><property name="sun.jnu.encoding" value="UTF-8"></property><property name="java.specification.name.ivy.instance" value="Java Platform API Specification"></property><property name="project.name" value="lab3"></property><property name="ivy.settings.file.ivy.instance" value="ivysettings.xml"></property><property name="ivy.default.conf.dir" value="jar:file:/usr/share/ant/lib/ivy.jar!/org/apache/ivy/core/settings"></property><property name="java.runtime.version.ivy.instance" value="17.0.14+7-Ubuntu-124.04"></property><property name="java.vm.specification.vendor.ivy.instance" value="Oracle Corporation"></property><property name="ivy.local.default.artifact.pattern.ivy.instance" value="[organisation]/[module]/[revision]/[type]s/[artifact].[ext]"></property><property name="ivy.build.artifacts.dir.ivy.instance" value="/home/timur1516/documents/dev/opi/lab3/ant/build/artifacts"></property><property name="ivy.settings.dir" value="jar:file:/usr/share/ant/lib/ivy.jar!/org/apache/ivy/core/settings"></property><property name="sun.java.launcher.ivy.instance" value="SUN_STANDARD"></property><property name="ivy.local.default.root.ivy.instance" value="/home/timur1516/.ivy2/local"></property><property name="scp.dir" value="/opt/tomee/webapps"></property><property name="ivy.local.default.artifact.pattern" value="[organisation]/[module]/[revision]/[type]s/[artifact].[ext]"></property><property name="java.class.version.ivy.instance" value="61.0"></property><property name="sun.stderr.encoding" value="UTF-8"></property><property name="ivy.resolve.default.type.filter" value="*"></property><property name="sun.management.compiler.ivy.instance" value="HotSpot 64-Bit Tiered Compilers"></property><property name="ivy.cache.ttl.default.ivy.instance" value="10s"></property><property name="project.version" value="1.0"></property><property name="file.separator" value="/"></property><property name="java.vm.compressedOopsMode" value="Zero based"></property><property name="ivy.settings.dir.url" value="jar:file:/usr/share/ant/lib/ivy.jar!/org/apache/ivy/core/settings"></property><property name="ivy.dep.file.ivy.instance" value="ivy.xml"></property><property name="line.separator" value="
"></property><property name="sun.stdout.encoding" value="UTF-8"></property><property name="ivy.organisation" value="ru.vova.lab3"></property><property name="ivy.buildlist.ivyfilepath.ivy.instance" value="ivy.xml"></property><property name="java.vm.compressedOopsMode.ivy.instance" value="Zero based"></property><property name="user.name" value="timur1516"></property><property name="sun.stderr.encoding.ivy.instance" value="UTF-8"></property><property name="ivy.publish.src.artifacts.pattern" value="/home/timur1516/documents/dev/opi/lab3/ant/distrib/[type]s/[artifact]-[revision](-[classifier]).[ext]"></property><property name="junit-reports.dir" value="wc"></property><property name="build.dir" value="ant/build"></property><property name="vm.args" value=""></property><property name="music.file" value="resources/musicfile.mp3"></property><property name="ant.home" value="/usr/share/ant"></property><property name="ivy.module" value="test"></property><property name="scp.remote.dir" value="~"></property><property name="ant.version" value="Apache Ant(TM) version 1.10.14 compiled on September 25 2023"></property><property name="ivy.report.output.pattern" value="[organisation]-[module]-[conf].[ext]"></property><property name="ivy.log.modules.in.use" value="false"></property><property name="ivy.nb.targets.copied" value="0"></property><property name="ivy.conf.url.ivy.instance" value="jar:file:/usr/share/ant/lib/ivy.jar!/org/apache/ivy/core/settings/ivysettings.xml"></property><property name="alt-test.dir" value="ant/alt/test"></property><property name="os.arch.ivy.instance" value="amd64"></property><property name="java.library.path.ivy.instance" value="/usr/java/packages/lib:/usr/lib/x86_64-linux-gnu/jni:/lib/x86_64-linux-gnu:/usr/lib/x86_64-linux-gnu:/usr/lib/jni:/lib:/usr/lib"></property><property name="user.home.ivy.instance" value="/home/timur1516"></property><property name="ivy.shared.default.artifact.pattern.ivy.instance" value="[organisation]/[module]/[revision]/[type]s/[artifact].[ext]"></property><property name="java.vendor.url.bug.ivy.instance" value="https://bugs.launchpad.net/ubuntu/+source/openjdk-17"></property><property name="ivy.local.default.root" value="/home/timur1516/.ivy2/local"></property><property name="java.class.path" value="/usr/share/ant/lib/ant-launcher.jar:/usr/share/ant/lib/ant-junit.jar:/usr/share/ant/lib/ant-commons-logging.jar:/usr/share/ant/lib/ant-jmf.jar:/usr/share/ant/lib/ant-junit4.jar:/usr/share/ant/lib/ant-jdepend.jar:/usr/share/ant/lib/ant-antlr.jar:/usr/share/ant/lib/ant-jsch.jar:/usr/share/ant/lib/ant-commons-net.jar:/usr/share/ant/lib/ant-launcher.jar:/usr/share/ant/lib/ant-testutil.jar:/usr/share/ant/lib/ant-swing.jar:/usr/share/ant/lib/ant-javamail.jar:/usr/share/ant/lib/ant-apache-bcel.jar:/usr/share/ant/lib/ant-apache-bsf.jar:/usr/share/ant/lib/ant-xz.jar:/usr/share/ant/lib/ivy.jar:/usr/share/ant/lib/ant-junitlauncher.jar:/usr/share/ant/lib/jsch-0.1.55.jar:/usr/share/ant/lib/ant-apache-resolver.jar:/usr/share/ant/lib/ant-apache-regexp.jar:/usr/share/ant/lib/ant.jar:/usr/share/ant/lib/ant-apache-oro.jar:/usr/share/ant/lib/ant-apache-xalan2.jar:/usr/share/ant/lib/ant-apache-log4j.jar"></property><property name="java.specification.maintenance.version.ivy.instance" value="1"></property><property name="java.vm.vendor" value="Ubuntu"></property><property name="java.vendor.ivy.instance" value="Ubuntu"></property><property name="ivy.project.dir.ivy.instance" value="/home/timur1516/documents/dev/opi/lab3/ant"></property><property name="ivy.status.ivy.instance" value="integration"></property><property name="env.script" value="/opt/tomee/bin/catalina.sh run"></property><property name="sun.java.launcher" value="SUN_STANDARD"></property><property name="user.country" value="RU"></property><property name="ivy.retrieve.pattern" value="/home/timur1516/documents/dev/opi/lab3/ant/lib/[artifact]-[revision](-[classifier]).[ext]"></property><property name="sun.cpu.endian" value="little"></property><property name="compile.version" value="17"></property><property name="ivy.checksums.ivy.instance" value="sha1,md5"></property><property name="user.language" value="ru"></property><property name="ivy.home.ivy.instance" value="/home/timur1516/.ivy2"></property><property name="user.name.ivy.instance" value="timur1516"></property><property name="ant.java.version" value="17"></property><property name="native.encoding.ivy.instance" value="UTF-8"></property><property name="main.dir" value="src/main"></property><property name="ivy.basedir" value="/home/timur1516/documents/dev/opi/lab3/ant"></property><property name="java.vm.vendor.ivy.instance" value="Ubuntu"></property><property name="src.java" value="src/main"></property><property name="ant.home.ivy.instance" value="/usr/share/ant"></property><property name="ivy.cache.ttl.default" value="10s"></property><property name="java.vm.name.ivy.instance" value="OpenJDK 64-Bit Server VM"></property><property name="scp.host" value="helios.cs.ifmo.ru"></property><property name="ivy.resolver.default.check.modified.ivy.instance" value="false"></property><property name="java.specification.vendor.ivy.instance" value="Oracle Corporation"></property><property name="ivy.configurations" value="*"></property><property name="git.repo.url" value="https://github.com/x-oc/web3.git"></property><property name="ivy.default.always.check.exact.revision" value="false"></property><property name="java.runtime.name" value="OpenJDK Runtime Environment"></property><property name="ivy.distrib.dir.ivy.instance" value="/home/timur1516/documents/dev/opi/lab3/ant/distrib"></property><property name="scp.user" value="s409642"></property><property name="ant.project.invoked-targets" value="test"></property><property name="diff.critical.classes" value="ru/vova/lab3/AreaCheckBean.java"></property><property name="env.java.versions" value="11,17"></property><property name="ant.core.lib" value="/usr/share/ant/lib/ant.jar"></property><property name="sun.stdout.encoding.ivy.instance" value="UTF-8"></property><property name="java.vendor.url.bug" value="https://bugs.launchpad.net/ubuntu/+source/openjdk-17"></property><property name="user.dir" value="/home/timur1516/documents/dev/opi/lab3/ant"></property><property name="path.separator.ivy.instance" value=":"></property><property name="ivy.local.default.ivy.pattern.ivy.instance" value="[organisation]/[module]/[revision]/[type]s/[artifact].[ext]"></property><property name="ivy.report.output.pattern.ivy.instance" value="[organisation]-[module]-[conf].[ext]"></property><property name="ivy.log.modules.in.use.ivy.instance" value="false"></property><property name="ivy.resolver.default.check.modified" value="false"></property><property name="ivy.targets.copied" value="false"></property><property name="java.vm.version" value="17.0.14+7-Ubuntu-124.04"></property><property name="java.home.ivy.instance" value="/usr/lib/jvm/java-17-openjdk-amd64"></property><property name="ivy.shared.default.artifact.pattern" value="[organisation]/[module]/[revision]/[type]s/[artifact].[ext]"></property><property name="ivy.settings.url" value="jar:file:/usr/share/ant/lib/ivy.jar!/org/apache/ivy/core/settings/ivysettings.xml"></property><property name="alt-main.dir" value="ant/alt/main"></property><property name="ivy.build.artifacts.dir" value="/home/timur1516/documents/dev/opi/lab3/ant/build/artifacts"></property><property name="ivy.resolved.configurations" value="provided, compile, runtime, test"></property><property name="war.name" value="lab3.war"></property><property name="ivy.conf.url" value="jar:file:/usr/share/ant/lib/ivy.jar!/org/apache/ivy/core/settings/ivysettings.xml"></property></properties><testcase classname="ru.vova.lab3.AreaCheckTest" name="testCheckArea" time="0.002"></testcase></testsuite>