<?xml version="1.0" ?><testsuite name="ru.vova.lab3.AreaCheckTest" time="0.188" timestamp="2025-04-21T11:14:56" tests="1" failures="0" skipped="0" aborted="0"><properties><property name="ant.file.type.web3" value="file"></property><property name="sun.boot.library.path.ivy.instance" value="C:\Program Files\Java\jdk-22\bin"></property><property name="java.specification.version" value="22"></property><property name="java.specification.version.ivy.instance" value="22"></property><property name="sun.cpu.endian.ivy.instance" value="little"></property><property name="sun.cpu.isalist" value="amd64"></property><property name="replace.regex.oldName" value="Boom"></property><property name="sun.arch.data.model" value="64"></property><property name="ivy.home" value="C:\Users\Вова\.ivy2"></property><property name="java.vendor.url" value="https://java.oracle.com/"></property><property name="java.version.ivy.instance" value="22.0.2"></property><property name="alt-classes" value="ant/build/alt-classes"></property><property name="resources.dir" value="src/main/resources"></property><property name="ivy.default.conf.dir.ivy.instance" value="jar:file:/E:/%D0%9F%D1%80%D0%BE%D0%B3%D1%80%D0%B0%D0%BC%D0%BC%D1%8B/apache-ant-1.10.15/lib/ivy-2.5.3.jar!/org/apache/ivy/core/settings"></property><property name="ivy.conf.dir" value="jar:file:/E:/%D0%9F%D1%80%D0%BE%D0%B3%D1%80%D0%B0%D0%BC%D0%BC%D1%8B/apache-ant-1.10.15/lib/ivy-2.5.3.jar!/org/apache/ivy/core/settings"></property><property name="sun.boot.library.path" value="C:\Program Files\Java\jdk-22\bin"></property><property name="sun.java.command" value="org.apache.tools.ant.launch.Launcher -cp C:\Program Files\Java\jdk-17\bin test"></property><property name="os.version.ivy.instance" value="10.0"></property><property name="ivy.retrieve.pattern.ivy.instance" value="E:\ITMO\2 курс\4 семестр\ОПИ\Лабы\3\ant-build-system/lib/[artifact]-[revision](-[classifier]).[ext]"></property><property name="user.dir.ivy.instance" value="E:\ITMO\2 курс\4 семестр\ОПИ\Лабы\3\ant-build-system"></property><property name="sun.jnu.encoding.ivy.instance" value="Cp1251"></property><property name="jdk.debug" value="release"></property><property name="ivy.revision" value="working@DESKTOP-FANSKDC"></property><property name="web.dir" value="src/main/webapp"></property><property name="java.specification.vendor" value="Oracle Corporation"></property><property name="file.separator.ivy.instance" value="\"></property><property name="java.vm.version.ivy.instance" value="22.0.2+9-70"></property><property name="java.version.date" value="2024-07-16"></property><property name="java.home" value="C:\Program Files\Java\jdk-22"></property><property name="basedir" value="E:\ITMO\2 курс\4 семестр\ОПИ\Лабы\3\ant-build-system"></property><property name="java.vm.specification.vendor" value="Oracle Corporation"></property><property name="java.specification.name" value="Java Platform API Specification"></property><property name="doc.dir" value="ant/build/doc"></property><property name="user.timezone.ivy.instance" value="Europe/Moscow"></property><property name="user.script.ivy.instance" value=""></property><property name="user.variant.ivy.instance" value=""></property><property name="ivy.resolve.default.type.filter.ivy.instance" value="*"></property><property name="ivy.basedir.ivy.instance" value="E:\ITMO\2 курс\4 семестр\ОПИ\Лабы\3\ant-build-system"></property><property name="ivy.default.ivy.user.dir" value="C:\Users\Вова\.ivy2"></property><property name="ivy.lib.dir.ivy.instance" value="E:\ITMO\2 курс\4 семестр\ОПИ\Лабы\3\ant-build-system/lib"></property><property name="user.script" value=""></property><property name="sun.management.compiler" value="HotSpot 64-Bit Tiered Compilers"></property><property name="ivy.cache.dir" value="C:\Users\Вова\.ivy2\cache"></property><property name="java.runtime.version" value="22.0.2+9-70"></property><property name="java.runtime.name.ivy.instance" value="Java(TM) SE Runtime Environment"></property><property name="sun.io.unicode.encoding.ivy.instance" value="UnicodeLittle"></property><property name="basedir.ivy.instance" value="E:\ITMO\2 курс\4 семестр\ОПИ\Лабы\3\ant-build-system"></property><property name="file.encoding" value="UTF-8"></property><property name="ivy.dep.file" value="ivy.xml"></property><property name="user.language.ivy.instance" value="ru"></property><property name="os.name.ivy.instance" value="Windows 10"></property><property name="ivy.settings.file" value="ivysettings.xml"></property><property name="java.vm.specification.version.ivy.instance" value="22"></property><property name="ivy.local.default.ivy.pattern" value="[organisation]/[module]/[revision]/[type]s/[artifact].[ext]"></property><property name="java.vendor.url.ivy.instance" value="https://java.oracle.com/"></property><property name="line.separator.ivy.instance" value="
"></property><property name="java.io.tmpdir" value="C:\Users\3C5C~1\AppData\Local\Temp\"></property><property name="java.version" value="22.0.2"></property><property name="ivy.resolved.file" value="E:\ITMO\2 курс\4 семестр\ОПИ\Лабы\3\ant-build-system\ivy.xml"></property><property name="java.vm.specification.name.ivy.instance" value="Java Virtual Machine Specification"></property><property name="ivy.settings.dir.ivy.instance" value="jar:file:/E:/%D0%9F%D1%80%D0%BE%D0%B3%D1%80%D0%B0%D0%BC%D0%BC%D1%8B/apache-ant-1.10.15/lib/ivy-2.5.3.jar!/org/apache/ivy/core/settings"></property><property name="java.vm.specification.name" value="Java Virtual Machine Specification"></property><property name="sun.cpu.isalist.ivy.instance" value="amd64"></property><property name="file.encoding.ivy.instance" value="UTF-8"></property><property name="ivy.deliver.ivy.pattern" value="E:\ITMO\2 курс\4 семестр\ОПИ\Лабы\3\ant-build-system/distrib/[type]s/[artifact]-[revision](-[classifier]).[ext]"></property><property name="ivy.status" value="integration"></property><property name="native.encoding" value="Cp1251"></property><property name="java.library.path" value="C:\Program Files\Java\jdk-22\bin;C:\Windows\Sun\Java\bin;C:\Windows\system32;C:\Windows;C:\Users\Вова\bin;C:\Program Files\Git\mingw64\bin;C:\Program Files\Git\usr\local\bin;C:\Program Files\Git\usr\bin;C:\Program Files\Git\usr\bin;C:\Program Files\Git\mingw64\bin;C:\Program Files\Git\usr\bin;C:\Users\Вова\bin;C:\Program Files\Common Files\Oracle\Java\javapath;C:\Program Files (x86)\Common Files\Intel\Shared Libraries\redist\intel64_win\compiler;C:\Program Files (x86)\Common Files\Intel\Shared Libraries\redist\intel64\compiler;C:\Windows\system32;C:\Windows;C:\Windows\System32\Wbem;C:\Windows\System32\WindowsPowerShell\v1.0;C:\Windows\System32\OpenSSH;C:\Program Files\7-Zip;C:\Program Files\PuTTY;C:\Program Files\Java\jdk-17\bin;C:\Program Files\dotnet;C:\Program Files\nodejs;C:\Program Files\Docker\Docker\resources\bin;C:\Program Files (x86)\Windows Kits\10\Windows Performance Toolkit;E:\ITMO\2 курс\4 семестр\АК\lab3 - wrench;C:\Users\Вова\AppData\Local\Programs\Python\Python311\Scripts;C:\Users\Вова\AppData\Local\Programs\Python\Python311;C:\Users\Вова\AppData\Local\Microsoft\WindowsApps;C:\Program Files (x86)\Brackets;C:\Users\Вова\AppData\Local\Programs\Microsoft VS Code\bin;C:\Program Files\Java\jdk-17\bin;C:\Program Files\JetBrains\IntelliJ IDEA 2024.1.1\bin;C:\Program Files\JetBrains\IntelliJ IDEA Community Edition 2024.1.4\bin;C:\Users\Вова\.dotnet\tools;C:\Program Files\JetBrains\CLion 2024.2.2\bin;C:\Users\Вова\AppData\Roaming\npm;E:\Программы\apache-ant-1.10.15\bin;C:\Program Files\Git\usr\bin\vendor_perl;C:\Program Files\Git\usr\bin\core_perl;."></property><property name="java.vendor" value="Oracle Corporation"></property><property name="stderr.encoding" value="Cp1251"></property><property name="env.jvm.args" value="-Xmx512m -ea"></property><property name="sun.io.unicode.encoding" value="UnicodeLittle"></property><property name="sun.arch.data.model.ivy.instance" value="64"></property><property name="ivy.default.ivy.user.dir.ivy.instance" value="C:\Users\Вова\.ivy2"></property><property name="ant.file.type" value="file"></property><property name="scp.port" value="2222"></property><property name="ivy.parents.count" value="0"></property><property name="ivy.configurations.ivy.instance" value="*"></property><property name="java.io.tmpdir.ivy.instance" value="C:\Users\3C5C~1\AppData\Local\Temp\"></property><property name="java.version.date.ivy.instance" value="2024-07-16"></property><property name="ivy.default.settings.dir.ivy.instance" value="jar:file:/E:/%D0%9F%D1%80%D0%BE%D0%B3%D1%80%D0%B0%D0%BC%D0%BC%D1%8B/apache-ant-1.10.15/lib/ivy-2.5.3.jar!/org/apache/ivy/core/settings"></property><property name="ivy.shared.default.root" value="C:\Users\Вова\.ivy2/shared"></property><property name="ivy.shared.default.ivy.pattern" value="[organisation]/[module]/[revision]/[type]s/[artifact].[ext]"></property><property name="ivy.shared.default.ivy.pattern.ivy.instance" value="[organisation]/[module]/[revision]/[type]s/[artifact].[ext]"></property><property name="user.timezone" value="Europe/Moscow"></property><property name="java.vm.specification.version" value="22"></property><property name="os.name" value="Windows 10"></property><property name="ivy.deps.changed" value="false"></property><property name="scp.password" value="yWJm&amp;6557"></property><property name="ivy.lib.dir" value="E:\ITMO\2 курс\4 семестр\ОПИ\Лабы\3\ant-build-system/lib"></property><property name="test.dir" value="src/test"></property><property name="user.home" value="C:\Users\Вова"></property><property name="sun.java.command.ivy.instance" value="org.apache.tools.ant.launch.Launcher -cp C:\Program Files\Java\jdk-17\bin test"></property><property name="java.class.path.ivy.instance" value="E:/Программы/apache-ant-1.10.15/lib/ant-launcher.jar;C:\Program Files\Java\jdk-17\bin\;E:\Программы\apache-ant-1.10.15\lib\ant-antlr.jar;E:\Программы\apache-ant-1.10.15\lib\ant-apache-bcel.jar;E:\Программы\apache-ant-1.10.15\lib\ant-apache-bsf.jar;E:\Программы\apache-ant-1.10.15\lib\ant-apache-log4j.jar;E:\Программы\apache-ant-1.10.15\lib\ant-apache-oro.jar;E:\Программы\apache-ant-1.10.15\lib\ant-apache-regexp.jar;E:\Программы\apache-ant-1.10.15\lib\ant-apache-resolver.jar;E:\Программы\apache-ant-1.10.15\lib\ant-apache-xalan2.jar;E:\Программы\apache-ant-1.10.15\lib\ant-commons-logging.jar;E:\Программы\apache-ant-1.10.15\lib\ant-commons-net.jar;E:\Программы\apache-ant-1.10.15\lib\ant-imageio.jar;E:\Программы\apache-ant-1.10.15\lib\ant-jai.jar;E:\Программы\apache-ant-1.10.15\lib\ant-jakartamail.jar;E:\Программы\apache-ant-1.10.15\lib\ant-javamail.jar;E:\Программы\apache-ant-1.10.15\lib\ant-jdepend.jar;E:\Программы\apache-ant-1.10.15\lib\ant-jmf.jar;E:\Программы\apache-ant-1.10.15\lib\ant-jsch.jar;E:\Программы\apache-ant-1.10.15\lib\ant-junit.jar;E:\Программы\apache-ant-1.10.15\lib\ant-junit4.jar;E:\Программы\apache-ant-1.10.15\lib\ant-junitlauncher.jar;E:\Программы\apache-ant-1.10.15\lib\ant-launcher.jar;E:\Программы\apache-ant-1.10.15\lib\ant-netrexx.jar;E:\Программы\apache-ant-1.10.15\lib\ant-swing.jar;E:\Программы\apache-ant-1.10.15\lib\ant-testutil.jar;E:\Программы\apache-ant-1.10.15\lib\ant-xz.jar;E:\Программы\apache-ant-1.10.15\lib\ant.jar;E:\Программы\apache-ant-1.10.15\lib\ivy-2.5.3.jar;E:\Программы\apache-ant-1.10.15\lib\jsch-0.1.55.jar"></property><property name="ivy.publish.src.artifacts.pattern.ivy.instance" value="E:\ITMO\2 курс\4 семестр\ОПИ\Лабы\3\ant-build-system/distrib/[type]s/[artifact]-[revision](-[classifier]).[ext]"></property><property name="ivy.checksums" value="sha1,md5"></property><property name="ivy.default.settings.dir" value="jar:file:/E:/%D0%9F%D1%80%D0%BE%D0%B3%D1%80%D0%B0%D0%BC%D0%BC%D1%8B/apache-ant-1.10.15/lib/ivy-2.5.3.jar!/org/apache/ivy/core/settings"></property><property name="libs" value="ant/build/libs"></property><property name="ivy.version" value="2.5.3"></property><property name="java.vm.info.ivy.instance" value="mixed mode, sharing"></property><property name="ivy.distrib.dir" value="E:\ITMO\2 курс\4 семестр\ОПИ\Лабы\3\ant-build-system/distrib"></property><property name="ant.library.dir.ivy.instance" value="E:/Программы/apache-ant-1.10.15/lib"></property><property name="ivy.settings.url.ivy.instance" value="jar:file:/E:/%D0%9F%D1%80%D0%BE%D0%B3%D1%80%D0%B0%D0%BC%D0%BC%D1%8B/apache-ant-1.10.15/lib/ivy-2.5.3.jar!/org/apache/ivy/core/settings/ivysettings.xml"></property><property name="replace.regex.newName" value="Bean"></property><property name="classes" value="ant/build/classes"></property><property name="alt.dir" value="ant/alt"></property><property name="ivy.project.dir" value="E:\ITMO\2 курс\4 семестр\ОПИ\Лабы\3\ant-build-system"></property><property name="ant.file" value="E:\ITMO\2 курс\4 семестр\ОПИ\Лабы\3\ant-build-system\build.xml"></property><property name="stdout.encoding" value="Cp1251"></property><property name="path.separator" value=";"></property><property name="os.version" value="10.0"></property><property name="ivy.default.always.check.exact.revision.ivy.instance" value="false"></property><property name="java.vm.name" value="Java HotSpot(TM) 64-Bit Server VM"></property><property name="ivy.buildlist.ivyfilepath" value="ivy.xml"></property><property name="os.arch" value="amd64"></property><property name="ivy.settings.dir.url.ivy.instance" value="jar:file:/E:/%D0%9F%D1%80%D0%BE%D0%B3%D1%80%D0%B0%D0%BC%D0%BC%D1%8B/apache-ant-1.10.15/lib/ivy-2.5.3.jar!/org/apache/ivy/core/settings"></property><property name="ant.file.web3" value="E:\ITMO\2 курс\4 семестр\ОПИ\Лабы\3\ant-build-system\build.xml"></property><property name="ivy.shared.default.root.ivy.instance" value="C:\Users\Вова\.ivy2/shared"></property><property name="ivy.deliver.ivy.pattern.ivy.instance" value="E:\ITMO\2 курс\4 семестр\ОПИ\Лабы\3\ant-build-system/distrib/[type]s/[artifact]-[revision](-[classifier]).[ext]"></property><property name="java.vm.info" value="mixed mode, sharing"></property><property name="ivy.conf.dir.ivy.instance" value="jar:file:/E:/%D0%9F%D1%80%D0%BE%D0%B3%D1%80%D0%B0%D0%BC%D0%BC%D1%8B/apache-ant-1.10.15/lib/ivy-2.5.3.jar!/org/apache/ivy/core/settings"></property><property name="stdout.encoding.ivy.instance" value="Cp1251"></property><property name="user.country.ivy.instance" value="RU"></property><property name="java.class.version" value="66.0"></property><property name="src.dir" value="src"></property><property name="ant.project.default-target" value="build"></property><property name="ant.library.dir" value="E:/Программы/apache-ant-1.10.15/lib"></property><property name="ivy.cache.dir.ivy.instance" value="C:\Users\Вова\.ivy2\cache"></property><property name="ant.project.name" value="web3"></property><property name="jdk.debug.ivy.instance" value="release"></property><property name="sun.jnu.encoding" value="Cp1251"></property><property name="project.name" value="lab3"></property><property name="java.specification.name.ivy.instance" value="Java Platform API Specification"></property><property name="ivy.settings.file.ivy.instance" value="ivysettings.xml"></property><property name="ivy.default.conf.dir" value="jar:file:/E:/%D0%9F%D1%80%D0%BE%D0%B3%D1%80%D0%B0%D0%BC%D0%BC%D1%8B/apache-ant-1.10.15/lib/ivy-2.5.3.jar!/org/apache/ivy/core/settings"></property><property name="java.runtime.version.ivy.instance" value="22.0.2+9-70"></property><property name="java.vm.specification.vendor.ivy.instance" value="Oracle Corporation"></property><property name="ivy.local.default.artifact.pattern.ivy.instance" value="[organisation]/[module]/[revision]/[type]s/[artifact].[ext]"></property><property name="ivy.build.artifacts.dir.ivy.instance" value="E:\ITMO\2 курс\4 семестр\ОПИ\Лабы\3\ant-build-system/build/artifacts"></property><property name="ivy.settings.dir" value="jar:file:/E:/%D0%9F%D1%80%D0%BE%D0%B3%D1%80%D0%B0%D0%BC%D0%BC%D1%8B/apache-ant-1.10.15/lib/ivy-2.5.3.jar!/org/apache/ivy/core/settings"></property><property name="sun.java.launcher.ivy.instance" value="SUN_STANDARD"></property><property name="ivy.local.default.root.ivy.instance" value="C:\Users\Вова\.ivy2/local"></property><property name="scp.dir" value="/opt/tomee/webapps"></property><property name="ivy.local.default.artifact.pattern" value="[organisation]/[module]/[revision]/[type]s/[artifact].[ext]"></property><property name="java.class.version.ivy.instance" value="66.0"></property><property name="ivy.resolve.default.type.filter" value="*"></property><property name="sun.management.compiler.ivy.instance" value="HotSpot 64-Bit Tiered Compilers"></property><property name="ivy.cache.ttl.default.ivy.instance" value="10s"></property><property name="project.version" value="1.0"></property><property name="file.separator" value="\"></property><property name="java.vm.compressedOopsMode" value="Zero based"></property><property name="ivy.settings.dir.url" value="jar:file:/E:/%D0%9F%D1%80%D0%BE%D0%B3%D1%80%D0%B0%D0%BC%D0%BC%D1%8B/apache-ant-1.10.15/lib/ivy-2.5.3.jar!/org/apache/ivy/core/settings"></property><property name="ivy.dep.file.ivy.instance" value="ivy.xml"></property><property name="line.separator" value="
"></property><property name="ivy.organisation" value="ru.vova.lab3"></property><property name="ivy.buildlist.ivyfilepath.ivy.instance" value="ivy.xml"></property><property name="java.vm.compressedOopsMode.ivy.instance" value="Zero based"></property><property name="user.name" value="Вова"></property><property name="sun.os.patch.level.ivy.instance" value=""></property><property name="ivy.publish.src.artifacts.pattern" value="E:\ITMO\2 курс\4 семестр\ОПИ\Лабы\3\ant-build-system/distrib/[type]s/[artifact]-[revision](-[classifier]).[ext]"></property><property name="junit-reports.dir" value="wc"></property><property name="build.dir" value="ant/build"></property><property name="vm.args" value=""></property><property name="music.file" value="resources/musicfile.mp3"></property><property name="ant.home" value="E:/Программы/apache-ant-1.10.15"></property><property name="ivy.module" value="test"></property><property name="scp.remote.dir" value="~"></property><property name="sun.os.patch.level" value=""></property><property name="ant.version" value="Apache Ant(TM) version 1.10.15 compiled on August 25 2024"></property><property name="ivy.report.output.pattern" value="[organisation]-[module]-[conf].[ext]"></property><property name="ivy.log.modules.in.use" value="false"></property><property name="ivy.nb.targets.copied" value="32"></property><property name="ivy.conf.url.ivy.instance" value="jar:file:/E:/%D0%9F%D1%80%D0%BE%D0%B3%D1%80%D0%B0%D0%BC%D0%BC%D1%8B/apache-ant-1.10.15/lib/ivy-2.5.3.jar!/org/apache/ivy/core/settings/ivysettings.xml"></property><property name="os.arch.ivy.instance" value="amd64"></property><property name="alt-test.dir" value="ant/alt/test"></property><property name="java.library.path.ivy.instance" value="C:\Program Files\Java\jdk-22\bin;C:\Windows\Sun\Java\bin;C:\Windows\system32;C:\Windows;C:\Users\Вова\bin;C:\Program Files\Git\mingw64\bin;C:\Program Files\Git\usr\local\bin;C:\Program Files\Git\usr\bin;C:\Program Files\Git\usr\bin;C:\Program Files\Git\mingw64\bin;C:\Program Files\Git\usr\bin;C:\Users\Вова\bin;C:\Program Files\Common Files\Oracle\Java\javapath;C:\Program Files (x86)\Common Files\Intel\Shared Libraries\redist\intel64_win\compiler;C:\Program Files (x86)\Common Files\Intel\Shared Libraries\redist\intel64\compiler;C:\Windows\system32;C:\Windows;C:\Windows\System32\Wbem;C:\Windows\System32\WindowsPowerShell\v1.0;C:\Windows\System32\OpenSSH;C:\Program Files\7-Zip;C:\Program Files\PuTTY;C:\Program Files\Java\jdk-17\bin;C:\Program Files\dotnet;C:\Program Files\nodejs;C:\Program Files\Docker\Docker\resources\bin;C:\Program Files (x86)\Windows Kits\10\Windows Performance Toolkit;E:\ITMO\2 курс\4 семестр\АК\lab3 - wrench;C:\Users\Вова\AppData\Local\Programs\Python\Python311\Scripts;C:\Users\Вова\AppData\Local\Programs\Python\Python311;C:\Users\Вова\AppData\Local\Microsoft\WindowsApps;C:\Program Files (x86)\Brackets;C:\Users\Вова\AppData\Local\Programs\Microsoft VS Code\bin;C:\Program Files\Java\jdk-17\bin;C:\Program Files\JetBrains\IntelliJ IDEA 2024.1.1\bin;C:\Program Files\JetBrains\IntelliJ IDEA Community Edition 2024.1.4\bin;C:\Users\Вова\.dotnet\tools;C:\Program Files\JetBrains\CLion 2024.2.2\bin;C:\Users\Вова\AppData\Roaming\npm;E:\Программы\apache-ant-1.10.15\bin;C:\Program Files\Git\usr\bin\vendor_perl;C:\Program Files\Git\usr\bin\core_perl;."></property><property name="user.home.ivy.instance" value="C:\Users\Вова"></property><property name="ivy.shared.default.artifact.pattern.ivy.instance" value="[organisation]/[module]/[revision]/[type]s/[artifact].[ext]"></property><property name="java.vendor.url.bug.ivy.instance" value="https://bugreport.java.com/bugreport/"></property><property name="ivy.local.default.root" value="C:\Users\Вова\.ivy2/local"></property><property name="java.class.path" value="E:/Программы/apache-ant-1.10.15/lib/ant-launcher.jar;C:\Program Files\Java\jdk-17\bin\;E:\Программы\apache-ant-1.10.15\lib\ant-antlr.jar;E:\Программы\apache-ant-1.10.15\lib\ant-apache-bcel.jar;E:\Программы\apache-ant-1.10.15\lib\ant-apache-bsf.jar;E:\Программы\apache-ant-1.10.15\lib\ant-apache-log4j.jar;E:\Программы\apache-ant-1.10.15\lib\ant-apache-oro.jar;E:\Программы\apache-ant-1.10.15\lib\ant-apache-regexp.jar;E:\Программы\apache-ant-1.10.15\lib\ant-apache-resolver.jar;E:\Программы\apache-ant-1.10.15\lib\ant-apache-xalan2.jar;E:\Программы\apache-ant-1.10.15\lib\ant-commons-logging.jar;E:\Программы\apache-ant-1.10.15\lib\ant-commons-net.jar;E:\Программы\apache-ant-1.10.15\lib\ant-imageio.jar;E:\Программы\apache-ant-1.10.15\lib\ant-jai.jar;E:\Программы\apache-ant-1.10.15\lib\ant-jakartamail.jar;E:\Программы\apache-ant-1.10.15\lib\ant-javamail.jar;E:\Программы\apache-ant-1.10.15\lib\ant-jdepend.jar;E:\Программы\apache-ant-1.10.15\lib\ant-jmf.jar;E:\Программы\apache-ant-1.10.15\lib\ant-jsch.jar;E:\Программы\apache-ant-1.10.15\lib\ant-junit.jar;E:\Программы\apache-ant-1.10.15\lib\ant-junit4.jar;E:\Программы\apache-ant-1.10.15\lib\ant-junitlauncher.jar;E:\Программы\apache-ant-1.10.15\lib\ant-launcher.jar;E:\Программы\apache-ant-1.10.15\lib\ant-netrexx.jar;E:\Программы\apache-ant-1.10.15\lib\ant-swing.jar;E:\Программы\apache-ant-1.10.15\lib\ant-testutil.jar;E:\Программы\apache-ant-1.10.15\lib\ant-xz.jar;E:\Программы\apache-ant-1.10.15\lib\ant.jar;E:\Программы\apache-ant-1.10.15\lib\ivy-2.5.3.jar;E:\Программы\apache-ant-1.10.15\lib\jsch-0.1.55.jar"></property><property name="java.vm.vendor" value="Oracle Corporation"></property><property name="java.vendor.ivy.instance" value="Oracle Corporation"></property><property name="stderr.encoding.ivy.instance" value="Cp1251"></property><property name="user.variant" value=""></property><property name="ivy.project.dir.ivy.instance" value="E:\ITMO\2 курс\4 семестр\ОПИ\Лабы\3\ant-build-system"></property><property name="ivy.status.ivy.instance" value="integration"></property><property name="env.script" value="/opt/tomee/bin/catalina.sh run"></property><property name="user.country" value="RU"></property><property name="sun.java.launcher" value="SUN_STANDARD"></property><property name="ivy.retrieve.pattern" value="E:\ITMO\2 курс\4 семестр\ОПИ\Лабы\3\ant-build-system/lib/[artifact]-[revision](-[classifier]).[ext]"></property><property name="sun.cpu.endian" value="little"></property><property name="compile.version" value="17"></property><property name="user.language" value="ru"></property><property name="ivy.checksums.ivy.instance" value="sha1,md5"></property><property name="ivy.home.ivy.instance" value="C:\Users\Вова\.ivy2"></property><property name="user.name.ivy.instance" value="Вова"></property><property name="native.encoding.ivy.instance" value="Cp1251"></property><property name="ant.java.version" value="22"></property><property name="main.dir" value="src/main"></property><property name="ivy.basedir" value="E:\ITMO\2 курс\4 семестр\ОПИ\Лабы\3\ant-build-system"></property><property name="java.vm.vendor.ivy.instance" value="Oracle Corporation"></property><property name="src.java" value="src/main"></property><property name="ant.home.ivy.instance" value="E:/Программы/apache-ant-1.10.15"></property><property name="ivy.cache.ttl.default" value="10s"></property><property name="scp.host" value="helios.cs.ifmo.ru"></property><property name="java.vm.name.ivy.instance" value="Java HotSpot(TM) 64-Bit Server VM"></property><property name="ivy.resolver.default.check.modified.ivy.instance" value="false"></property><property name="java.specification.vendor.ivy.instance" value="Oracle Corporation"></property><property name="ivy.configurations" value="*"></property><property name="git.repo.url" value="https://github.com/x-oc/web3.git"></property><property name="ivy.default.always.check.exact.revision" value="false"></property><property name="java.runtime.name" value="Java(TM) SE Runtime Environment"></property><property name="ivy.distrib.dir.ivy.instance" value="E:\ITMO\2 курс\4 семестр\ОПИ\Лабы\3\ant-build-system/distrib"></property><property name="scp.user" value="s409642"></property><property name="ant.project.invoked-targets" value="test"></property><property name="diff.critical.classes" value="ru/vova/lab3/AreaCheckBean.java"></property><property name="env.java.versions" value="11,17"></property><property name="ant.core.lib" value="E:\Программы\apache-ant-1.10.15\lib\ant.jar"></property><property name="java.vendor.url.bug" value="https://bugreport.java.com/bugreport/"></property><property name="user.dir" value="E:\ITMO\2 курс\4 семестр\ОПИ\Лабы\3\ant-build-system"></property><property name="path.separator.ivy.instance" value=";"></property><property name="ivy.local.default.ivy.pattern.ivy.instance" value="[organisation]/[module]/[revision]/[type]s/[artifact].[ext]"></property><property name="ivy.report.output.pattern.ivy.instance" value="[organisation]-[module]-[conf].[ext]"></property><property name="ivy.targets.copied" value="true"></property><property name="ivy.log.modules.in.use.ivy.instance" value="false"></property><property name="java.vm.version" value="22.0.2+9-70"></property><property name="ivy.resolver.default.check.modified" value="false"></property><property name="java.home.ivy.instance" value="C:\Program Files\Java\jdk-22"></property><property name="ivy.shared.default.artifact.pattern" value="[organisation]/[module]/[revision]/[type]s/[artifact].[ext]"></property><property name="ivy.settings.url" value="jar:file:/E:/%D0%9F%D1%80%D0%BE%D0%B3%D1%80%D0%B0%D0%BC%D0%BC%D1%8B/apache-ant-1.10.15/lib/ivy-2.5.3.jar!/org/apache/ivy/core/settings/ivysettings.xml"></property><property name="ivy.build.artifacts.dir" value="E:\ITMO\2 курс\4 семестр\ОПИ\Лабы\3\ant-build-system/build/artifacts"></property><property name="alt-main.dir" value="ant/alt/main"></property><property name="ivy.resolved.configurations" value="provided, compile, runtime, test"></property><property name="ivy.conf.url" value="jar:file:/E:/%D0%9F%D1%80%D0%BE%D0%B3%D1%80%D0%B0%D0%BC%D0%BC%D1%8B/apache-ant-1.10.15/lib/ivy-2.5.3.jar!/org/apache/ivy/core/settings/ivysettings.xml"></property><property name="war.name" value="lab3.war"></property></properties><testcase classname="ru.vova.lab3.AreaCheckTest" name="testCheckArea" time="0.0"></testcase></testsuite>